TN:
SF:Backend\config-db.js
FNF:0
FNH:0
DA:1,3
DA:2,3
DA:3,3
DA:8,3
LF:4
LH:4
BRF:0
BRH:0
end_of_record
TN:
SF:Backend\config.js
FNF:0
FNH:0
DA:1,3
DA:13,3
LF:2
LH:2
BRF:0
BRH:0
end_of_record
TN:
SF:Backend\helper.js
FN:1,getOffset
FN:5,emptyOrRows
FNF:2
FNH:1
FNDA:3,getOffset
FNDA:0,emptyOrRows
DA:2,3
DA:6,0
DA:7,0
DA:9,0
DA:12,3
LF:5
LH:2
BRDA:1,0,0,0
BRDA:6,1,0,0
BRDA:6,1,1,0
BRF:3
BRH:0
end_of_record
TN:
SF:Backend\models\categorias.js
FN:2,(anonymous_0)
FNF:1
FNH:1
FNDA:3,(anonymous_0)
DA:1,3
DA:2,3
DA:3,3
LF:3
LH:3
BRF:0
BRH:0
end_of_record
TN:
SF:Backend\models\departamentos.js
FN:2,(anonymous_0)
FNF:1
FNH:1
FNDA:3,(anonymous_0)
DA:1,3
DA:2,3
DA:3,3
LF:3
LH:3
BRF:0
BRH:0
end_of_record
TN:
SF:Backend\models\empleados.js
FN:2,(anonymous_0)
FNF:1
FNH:1
FNDA:3,(anonymous_0)
DA:1,3
DA:2,3
DA:3,3
LF:3
LH:3
BRF:0
BRH:0
end_of_record
TN:
SF:Backend\models\init-models.js
FN:9,initModels
FNF:1
FNH:1
FNDA:3,initModels
DA:1,3
DA:2,3
DA:3,3
DA:4,3
DA:5,3
DA:6,3
DA:7,3
DA:10,3
DA:11,3
DA:12,3
DA:13,3
DA:14,3
DA:15,3
DA:17,3
DA:18,3
DA:19,3
DA:20,3
DA:21,3
DA:22,3
DA:23,3
DA:24,3
DA:25,3
DA:26,3
DA:28,3
DA:37,3
DA:38,3
DA:39,3
LF:27
LH:27
BRF:0
BRH:0
end_of_record
TN:
SF:Backend\models\productos.js
FN:2,(anonymous_0)
FNF:1
FNH:1
FNDA:3,(anonymous_0)
DA:1,3
DA:2,3
DA:3,3
LF:3
LH:3
BRF:0
BRH:0
end_of_record
TN:
SF:Backend\models\usuarios.js
FN:2,(anonymous_0)
FNF:1
FNH:1
FNDA:3,(anonymous_0)
DA:1,3
DA:2,3
DA:3,3
LF:3
LH:3
BRF:0
BRH:0
end_of_record
TN:
SF:Backend\models\ventas.js
FN:2,(anonymous_0)
FNF:1
FNH:1
FNDA:3,(anonymous_0)
DA:1,3
DA:2,3
DA:3,3
LF:3
LH:3
BRF:0
BRH:0
end_of_record
TN:
SF:Backend\services\db.js
FN:4,query
FNF:1
FNH:0
FNDA:0,query
DA:1,3
DA:2,3
DA:5,0
DA:6,0
DA:8,0
DA:11,3
LF:6
LH:3
BRF:0
BRH:0
end_of_record
TN:
SF:Backend\services\empleados.js
FN:9,getMultiple
FN:58,create
FN:104,update
FN:146,remove
FNF:4
FNH:4
FNDA:1,getMultiple
FNDA:1,create
FNDA:1,update
FNDA:1,remove
DA:1,1
DA:2,1
DA:3,1
DA:4,1
DA:5,1
DA:6,1
DA:10,1
DA:11,1
DA:31,1
DA:32,1
DA:59,1
DA:61,1
DA:67,1
DA:68,1
DA:77,1
DA:78,1
DA:82,1
DA:105,1
DA:107,1
DA:120,1
DA:121,1
DA:124,1
DA:147,1
DA:149,1
DA:155,1
DA:156,1
DA:159,1
DA:178,1
LF:28
LH:28
BRDA:9,0,0,1
BRDA:67,1,0,1
BRDA:67,1,1,0
BRDA:77,2,0,1
BRDA:77,2,1,0
BRDA:120,3,0,1
BRDA:120,3,1,0
BRDA:155,4,0,1
BRDA:155,4,1,0
BRF:9
BRH:5
end_of_record
TN:
SF:Backend\services\productos.js
FN:9,getMultiple
FN:35,getById
FN:60,create
FN:92,update
FN:116,remove
FNF:5
FNH:3
FNDA:1,getMultiple
FNDA:0,getById
FNDA:1,create
FNDA:0,update
FNDA:1,remove
DA:1,1
DA:2,1
DA:3,1
DA:4,1
DA:5,1
DA:6,1
DA:10,1
DA:12,1
DA:24,1
DA:26,1
DA:36,0
DA:46,0
DA:47,0
DA:50,0
DA:52,0
DA:53,0
DA:55,0
DA:61,1
DA:65,1
DA:66,1
DA:69,0
DA:77,0
DA:79,0
DA:81,0
DA:82,0
DA:85,0
DA:94,0
DA:95,0
DA:99,0
DA:100,0
DA:101,0
DA:109,0
DA:110,0
DA:118,1
DA:122,1
DA:123,1
DA:126,0
DA:128,0
DA:133,1
LF:39
LH:17
BRDA:9,0,0,1
BRDA:46,1,0,0
BRDA:46,1,1,0
BRDA:65,2,0,1
BRDA:65,2,1,0
BRDA:81,3,0,0
BRDA:81,3,1,0
BRDA:122,4,0,1
BRDA:122,4,1,0
BRF:9
BRH:3
end_of_record
TN:
SF:Backend\services\ventas.js
FN:9,getMultiple
FN:30,(anonymous_1)
FN:75,getIngresos
FN:123,getPagos
FN:145,getMasVendidos
FN:161,create
FN:251,remove
FNF:7
FNH:2
FNDA:1,getMultiple
FNDA:4,(anonymous_1)
FNDA:0,getIngresos
FNDA:0,getPagos
FNDA:0,getMasVendidos
FNDA:0,create
FNDA:0,remove
DA:1,1
DA:2,1
DA:3,1
DA:4,1
DA:5,1
DA:6,1
DA:10,1
DA:12,1
DA:30,1
DA:31,4
DA:32,4
DA:43,1
DA:45,1
DA:76,0
DA:77,0
DA:94,0
DA:95,0
DA:97,0
DA:124,0
DA:125,0
DA:136,0
DA:137,0
DA:139,0
DA:146,0
DA:147,0
DA:150,0
DA:151,0
DA:152,0
DA:154,0
DA:162,0
DA:163,0
DA:164,0
DA:165,0
DA:166,0
DA:168,0
DA:169,0
DA:173,0
DA:174,0
DA:177,0
DA:178,0
DA:189,0
DA:192,0
DA:252,0
DA:256,0
DA:258,0
DA:259,0
DA:262,0
DA:278,1
LF:48
LH:14
BRDA:9,0,0,1
BRDA:75,1,0,0
BRDA:123,2,0,0
BRDA:145,3,0,0
BRDA:173,4,0,0
BRDA:173,4,1,0
BRDA:173,5,0,0
BRDA:173,5,1,0
BRDA:173,5,2,0
BRDA:173,5,3,0
BRDA:258,6,0,0
BRDA:258,6,1,0
BRF:12
BRH:1
end_of_record
